<?xml version="1.0" encoding="UTF-8" ?>
<testsuite errors="0" failures="0" hostname="DESKTOP-6F37MS8" name="test.IXMLVergleicherImplTest" skipped="0" tests="11" time="0.103" timestamp="2021-01-30T18:33:29">
  <properties>
    <property name="java.vendor" value="Oracle Corporation" />
    <property name="env.USERDOMAIN_ROAMINGPROFILE" value="DESKTOP-6F37MS8" />
    <property name="sun.java.launcher" value="SUN_STANDARD" />
    <property name="sun.management.compiler" value="HotSpot Client Compiler" />
    <property name="env.PROMPT" value="$P$G" />
    <property name="ant.file.type.MultiTextCompare" value="file" />
    <property name="env.DriverData" value="C:\Windows\System32\Drivers\DriverData" />
    <property name="os.name" value="Windows 8.1" />
    <property name="sun.boot.class.path" value="C:\Program Files (x86)\Java\jdk1.7.0_75\jre\lib\resources.jar;C:\Program Files (x86)\Java\jdk1.7.0_75\jre\lib\rt.jar;C:\Program Files (x86)\Java\jdk1.7.0_75\jre\lib\sunrsasign.jar;C:\Program Files (x86)\Java\jdk1.7.0_75\jre\lib\jsse.jar;C:\Program Files (x86)\Java\jdk1.7.0_75\jre\lib\jce.jar;C:\Program Files (x86)\Java\jdk1.7.0_75\jre\lib\charsets.jar;C:\Program Files (x86)\Java\jdk1.7.0_75\jre\lib\jfr.jar;C:\Program Files (x86)\Java\jdk1.7.0_75\jre\classes" />
    <property name="env.COMPUTERNAME" value="DESKTOP-6F37MS8" />
    <property name="env.CommonProgramW6432" value="C:\Program Files\Common Files" />
    <property name="user.country.format" value="DE" />
    <property name="env.ALLUSERSPROFILE" value="C:\ProgramData" />
    <property name="sun.desktop" value="windows" />
    <property name="java.vm.specification.vendor" value="Oracle Corporation" />
    <property name="ant.home" value="F:\Eclipse\plugins\org.apache.ant_1.9.2.v201404171502" />
    <property name="java.runtime.version" value="1.7.0_75-b13" />
    <property name="env.HOMEPATH" value="\Users\allen" />
    <property name="user.name" value="allen" />
    <property name="user.language.format" value="de" />
    <property name="user.language" value="en" />
    <property name="sun.boot.library.path" value="C:\Program Files (x86)\Java\jdk1.7.0_75\jre\bin" />
    <property name="ant.project.default-target" value="build" />
    <property name="ant.project.name" value="MultiTextCompare" />
    <property name="java.version" value="1.7.0_75" />
    <property name="env.PROCESSOR_IDENTIFIER" value="Intel64 Family 6 Model 165 Stepping 5, GenuineIntel" />
    <property name="user.timezone" value="" />
    <property name="env.TEMP" value="C:\Users\allen\AppData\Local\Temp" />
    <property name="sun.arch.data.model" value="32" />
    <property name="java.endorsed.dirs" value="C:\Program Files (x86)\Java\jdk1.7.0_75\jre\lib\endorsed" />
    <property name="env.PROCESSOR_ARCHITEW6432" value="AMD64" />
    <property name="sun.cpu.isalist" value="pentium_pro+mmx pentium_pro pentium+mmx pentium i486 i386 i86" />
    <property name="env.HOMEDRIVE" value="C:" />
    <property name="sun.jnu.encoding" value="Cp1252" />
    <property name="file.encoding.pkg" value="sun.io" />
    <property name="file.separator" value="\" />
    <property name="java.specification.name" value="Java Platform API Specification" />
    <property name="java.class.version" value="51.0" />
    <property name="user.country" value="US" />
    <property name="java.home" value="C:\Program Files (x86)\Java\jdk1.7.0_75\jre" />
    <property name="env.PSModulePath" value="C:\Program Files\WindowsPowerShell\Modules;C:\Windows\system32\WindowsPowerShell\v1.0\Modules" />
    <property name="env.APPDATA" value="C:\Users\allen\AppData\Roaming" />
    <property name="env.PUBLIC" value="C:\Users\Public" />
    <property name="java.vm.info" value="mixed mode, sharing" />
    <property name="env.ComSpec" value="C:\Windows\system32\cmd.exe" />
    <property name="env.OS" value="Windows_NT" />
    <property name="env.CommonProgramFiles" value="C:\Program Files (x86)\Common Files" />
    <property name="ant.file" value="F:\Home\SYP2020\team06\MultiTextCompare\build.xml" />
    <property name="os.version" value="6.3" />
    <property name="env.ProgramW6432" value="C:\Program Files" />
    <property name="env.Java" value="C:\Program Files (x86)\Java\jdk1.7.0_75\jre\bin" />
    <property name="path.separator" value=";" />
    <property name="java.vm.version" value="24.75-b04" />
    <property name="user.variant" value="" />
    <property name="env.USERPROFILE" value="C:\Users\allen" />
    <property name="ant.library.dir" value="F:\Eclipse\plugins\org.apache.ant_1.9.2.v201404171502\lib" />
    <property name="junit.output.dir" value="junit" />
    <property name="java.awt.printerjob" value="sun.awt.windows.WPrinterJob" />
    <property name="env.TMP" value="C:\Users\allen\AppData\Local\Temp" />
    <property name="env.FPS_BROWSER_USER_PROFILE_STRING" value="Default" />
    <property name="sun.io.unicode.encoding" value="UnicodeLittle" />
    <property name="awt.toolkit" value="sun.awt.windows.WToolkit" />
    <property name="user.script" value="" />
    <property name="user.home" value="C:\Users\allen" />
    <property name="target" value="1.7" />
    <property name="env.ProgramData" value="C:\ProgramData" />
    <property name="env.SESSIONNAME" value="Console" />
    <property name="env.ProgramFiles(x86)" value="C:\Program Files (x86)" />
    <property name="java.specification.vendor" value="Oracle Corporation" />
    <property name="java.library.path" value="C:\Program Files (x86)\Java\jdk1.7.0_75\jre\bin;C:\Windows\Sun\Java\bin;C:\Windows\system32;C:\Windows;C:/Program Files (x86)/Java/jre7/bin/client;C:/Program Files (x86)/Java/jre7/bin;C:/Program Files (x86)/Java/jre7/lib/i386;C:\Windows\system32;C:\Windows;C:\Windows\System32\Wbem;C:\Windows\System32\WindowsPowerShell\v1.0\;C:\Windows\System32\OpenSSH\;C:\Program Files\Docker\Docker\resources\bin;C:\ProgramData\DockerDesktop\version-bin;C:\Program Files\Git\cmd;C:\Users\allen\AppData\Local\Programs\Python\Python39\Scripts\;C:\Users\allen\AppData\Local\Programs\Python\Python39\;C:\Users\allen\AppData\Local\Microsoft\WindowsApps;C:\Users\allen\AppData\Local\Programs\Microsoft VS Code\bin;C:\Program Files (x86)\Java\jdk1.7.0_75\jre\bin;C:\Program Files\Java\jdk1.7.0_75;;F:\Eclipse;;." />
    <property name="env.NUMBER_OF_PROCESSORS" value="20" />
    <property name="java.vendor.url" value="http://java.oracle.com/" />
    <property name="java.vm.vendor" value="Oracle Corporation" />
    <property name="java.runtime.name" value="Java(TM) SE Runtime Environment" />
    <property name="ant.version" value="Apache Ant(TM) version 1.9.2 compiled on July 8 2013" />
    <property name="sun.java.command" value="org.apache.tools.ant.taskdefs.optional.junit.JUnitTestRunner test.IXMLVergleicherImplTest filtertrace=true haltOnError=false haltOnFailure=false formatter=org.apache.tools.ant.taskdefs.optional.junit.OutErrSummaryJUnitResultFormatter showoutput=false outputtoformatters=true logfailedtests=true logtestlistenerevents=false formatter=org.apache.tools.ant.taskdefs.optional.junit.XMLJUnitResultFormatter,F:\Home\SYP2020\team06\MultiTextCompare\junit\TEST-test.IXMLVergleicherImplTest.xml crashfile=F:\Home\SYP2020\team06\MultiTextCompare\junitvmwatcher4147056706405588672.properties propsfile=F:\Home\SYP2020\team06\MultiTextCompare\junit8404059069375455138.properties" />
    <property name="java.class.path" value="F:\Home\SYP2020\team06\MultiTextCompare\bin;F:\Eclipse\plugins\org.junit_4.11.0.v201303080030\junit.jar;F:\Eclipse\plugins\org.hamcrest.core_1.3.0.v201303031735.jar;F:\Home\SYP2020\team06\MultiTextCompare\lib\diffutils-1.2.1-sources.jar;F:\Home\SYP2020\team06\MultiTextCompare\lib\diffutils-1.2.1.jar;F:\Home\SYP2020\team06\MultiTextCompare\lib\jdom-2.0.6.jar;F:\Home\SYP2020\team06\MultiTextCompare\lib\jdom-2.0.6-javadoc.jar;F:\Home\SYP2020\team06\MultiTextCompare\lib\jdom-2.0.6-sources.jar;F:\Home\SYP2020\team06\MultiTextCompare\lib\commons-io-2.6-javadoc.jar;F:\Home\SYP2020\team06\MultiTextCompare\lib\commons-io-2.6-sources.jar;F:\Home\SYP2020\team06\MultiTextCompare\lib\commons-io-2.6.jar;F:\Home\SYP2020\team06\MultiTextCompare\lib\commons-text-1.3-javadoc.jar;F:\Home\SYP2020\team06\MultiTextCompare\lib\commons-text-1.3-sources.jar;F:\Home\SYP2020\team06\MultiTextCompare\lib\commons-text-1.3.jar;F:\Home\SYP2020\team06\MultiTextCompare\lib\miglayout-swing.jar;F:\Home\SYP2020\team06\MultiTextCompare\lib\miglayout-core.jar;F:\Eclipse\plugins\org.apache.ant_1.9.2.v201404171502\lib\ant-launcher.jar;F:\Eclipse\plugins\org.apache.ant_1.9.2.v201404171502\lib\ant.jar;F:\Eclipse\plugins\org.apache.ant_1.9.2.v201404171502\lib\ant-junit.jar;F:\Eclipse\plugins\org.apache.ant_1.9.2.v201404171502\lib\ant-junit4.jar" />
    <property name="java.vm.specification.name" value="Java Virtual Machine Specification" />
    <property name="env.LOGONSERVER" value="\\DESKTOP-6F37MS8" />
    <property name="env.windir" value="C:\Windows" />
    <property name="java.vm.specification.version" value="1.7" />
    <property name="env.PROCESSOR_ARCHITECTURE" value="x86" />
    <property name="sun.os.patch.level" value="" />
    <property name="sun.cpu.endian" value="little" />
    <property name="env.HOME" value="F:\\Home" />
    <property name="debuglevel" value="source,lines,vars" />
    <property name="env.OneDrive" value="C:\Users\allen\OneDrive" />
    <property name="env.ProgramFiles" value="C:\Program Files (x86)" />
    <property name="env.ANT_HOME" value="F:\Eclipse\plugins\org.apache.ant_1.9.2.v201404171502" />
    <property name="env.PROCESSOR_REVISION" value="a505" />
    <property name="java.io.tmpdir" value="C:\Users\allen\AppData\Local\Temp\" />
    <property name="env.CommonProgramFiles(x86)" value="C:\Program Files (x86)\Common Files" />
    <property name="java.vendor.url.bug" value="http://bugreport.sun.com/bugreport/" />
    <property name="env.OneDriveConsumer" value="C:\Users\allen\OneDrive" />
    <property name="env.SystemRoot" value="C:\Windows" />
    <property name="env.FPS_BROWSER_APP_PROFILE_STRING" value="Internet Explorer" />
    <property name="java.awt.graphicsenv" value="sun.awt.Win32GraphicsEnvironment" />
    <property name="os.arch" value="x86" />
    <property name="ant.file.MultiTextCompare" value="F:\Home\SYP2020\team06\MultiTextCompare\build.xml" />
    <property name="java.ext.dirs" value="C:\Program Files (x86)\Java\jdk1.7.0_75\jre\lib\ext;C:\Windows\Sun\Java\lib\ext" />
    <property name="env.LOCALAPPDATA" value="C:\Users\allen\AppData\Local" />
    <property name="user.dir" value="F:\Home\SYP2020\team06\MultiTextCompare" />
    <property name="line.separator" value="&#xd;&#xa;" />
    <property name="java.vm.name" value="Java HotSpot(TM) Client VM" />
    <property name="env.PATHEXT" value=".COM;.EXE;.BAT;.CMD;.VBS;.VBE;.JS;.JSE;.WSF;.WSH;.MSC" />
    <property name="org.apache.tools.ant.taskdefs.optional.junit.AggregateTransformer0" value="C:\Users\allen\AppData\Local\Temp\null1258743178" />
    <property name="env.Path" value="C:/Program Files (x86)/Java/jre7/bin/client;C:/Program Files (x86)/Java/jre7/bin;C:/Program Files (x86)/Java/jre7/lib/i386;C:\Windows\system32;C:\Windows;C:\Windows\System32\Wbem;C:\Windows\System32\WindowsPowerShell\v1.0\;C:\Windows\System32\OpenSSH\;C:\Program Files\Docker\Docker\resources\bin;C:\ProgramData\DockerDesktop\version-bin;C:\Program Files\Git\cmd;C:\Users\allen\AppData\Local\Programs\Python\Python39\Scripts\;C:\Users\allen\AppData\Local\Programs\Python\Python39\;C:\Users\allen\AppData\Local\Microsoft\WindowsApps;C:\Users\allen\AppData\Local\Programs\Microsoft VS Code\bin;C:\Program Files (x86)\Java\jdk1.7.0_75\jre\bin;C:\Program Files\Java\jdk1.7.0_75;;F:\Eclipse;" />
    <property name="basedir" value="F:\Home\SYP2020\team06\MultiTextCompare" />
    <property name="ant.java.version" value="1.7" />
    <property name="ant.core.lib" value="F:\Eclipse\plugins\org.apache.ant_1.9.2.v201404171502\lib\ant.jar" />
    <property name="env.USERNAME" value="allen" />
    <property name="source" value="1.7" />
    <property name="env.SystemDrive" value="C:" />
    <property name="file.encoding" value="Cp1252" />
    <property name="env.USERDOMAIN" value="DESKTOP-6F37MS8" />
    <property name="java.specification.version" value="1.7" />
    <property name="ant.project.invoked-targets" value="build,junitreport,test" />
    <property name="env.PROCESSOR_LEVEL" value="6" />
  </properties>
  <testcase classname="test.IXMLVergleicherImplTest" name="test_tagsOnly" time="0.025" />
  <testcase classname="test.IXMLVergleicherImplTest" name="test_parseFile_Validation_XSDinternal_successful" time="0.02" />
  <testcase classname="test.IXMLVergleicherImplTest" name="test_parseFile_NoValidation_Successful" time="0.0" />
  <testcase classname="test.IXMLVergleicherImplTest" name="test_parseFile_NoValidation_unsuccessful" time="0.002" />
  <testcase classname="test.IXMLVergleicherImplTest" name="test_parseFile_Validation_dtd_unsuccessful" time="0.002" />
  <testcase classname="test.IXMLVergleicherImplTest" name="test_parseFile_Validation_dtd_successful" time="0.002" />
  <testcase classname="test.IXMLVergleicherImplTest" name="test_sortElements" time="0.003" />
  <testcase classname="test.IXMLVergleicherImplTest" name="test_sortAttributes" time="0.001" />
  <testcase classname="test.IXMLVergleicherImplTest" name="test_deleteComments" time="0.001" />
  <testcase classname="test.IXMLVergleicherImplTest" name="test_parseFile_Validation_XSDinternal_unsuccessful" time="0.003" />
  <testcase classname="test.IXMLVergleicherImplTest" name="test_deleteAttributes" time="0.001" />
  <system-out><![CDATA[<?xml version="1.0" encoding="UTF-8"?>
<KUNDE>
	<KNR></KNR>
	
	<KNAME></KNAME>
	<BESTELLUNG>
		
		<BSTNR></BSTNR>
		<STATUS />
		<RSUM></RSUM>
		<BPOS>
			<MENGE></MENGE>
			<POSNR />
			<WERT></WERT>
			
			<ARTIKEL>
				<MGE></MGE>
				<PREIS></PREIS>
				<KUEHL></KUEHL>
				
				<ARTNR></ARTNR>
				<ARTBEZ></ARTBEZ>
			</ARTIKEL>
		</BPOS>
		
	</BESTELLUNG>
	<PLZ></PLZ>
	<WORT></WORT>
	<STRASSE></STRASSE>
</KUNDE>

<?xml version="1.0" encoding="UTF-8"?>
<KUNDE>
	<KNR></KNR>
	
	<KNAME></KNAME>
	<BESTELLUNG>
		
		<BSTNR></BSTNR>
		<STATUS />
		<RSUM></RSUM>
		<BPOS>
			<MENGE></MENGE>
			<POSNR />
			<WERT></WERT>
			
			<ARTIKEL>
				<MGE></MGE>
				<PREIS></PREIS>
				<KUEHL></KUEHL>
				
				<ARTNR></ARTNR>
				<ARTBEZ></ARTBEZ>
			</ARTIKEL>
		</BPOS>
		
	</BESTELLUNG>
	<PLZ></PLZ>
	<WORT></WORT>
	<STRASSE></STRASSE>
</KUNDE>

]]></system-out>
  <system-err><![CDATA[]]></system-err>
</testsuite>
